#DATE:2026-03-20
[2026-03-20 01:59:54] Log rotated from logs/activity_2026-03-19.log
[2026-03-20 01:59:54] Checking Status: Open (Posted: /Date(1773895116607)/)
[2026-03-20 01:59:54] No new update since last alert. Skipping.
[2026-03-20 04:16:53] Checking Status: Open (Posted: /Date(1773993871493)/)
[2026-03-20 04:16:53] DEBUG MODE: Triggering alert because status is OPEN.
[2026-03-20 04:16:54] >>> ALERT SENT via Gmail. Message ID: 19d0975e3849330e <<<
[2026-03-20 05:39:26] Checking Status: Open (Posted: /Date(1773993995113)/)
[2026-03-20 05:39:26] DEBUG MODE: Triggering alert because status is OPEN.
[2026-03-20 05:39:27] >>> ALERT SENT via Gmail. Message ID: 19d09c1766c58504 <<<
[2026-03-20 06:34:03] Checking Status: Open (Posted: /Date(1773993871493)/)
[2026-03-20 06:34:03] DEBUG MODE: Triggering alert because status is OPEN.
[2026-03-20 06:34:03] >>> ALERT SENT via Gmail. Message ID: 19d09f374a90b592 <<<
[2026-03-20 07:33:46] Checking Status: Open (Posted: /Date(1773993871493)/)
[2026-03-20 07:33:46] No new update since last alert. Skipping.
[2026-03-20 08:06:11] Checking Status: Open (Posted: /Date(1773993871493)/)
[2026-03-20 08:06:11] No new update since last alert. Skipping.
[2026-03-20 09:23:14] Checking Status: Open (Posted: /Date(1773993871493)/)
[2026-03-20 09:23:14] No new update since last alert. Skipping.
[2026-03-20 10:20:49] Checking Status: Open (Posted: /Date(1773993871493)/)
[2026-03-20 10:20:49] No new update since last alert. Skipping.
[2026-03-20 11:17:24] Checking Status: Open (Posted: /Date(1773993995113)/)
[2026-03-20 11:17:24] DEBUG MODE: Triggering alert because status is OPEN.
[2026-03-20 11:17:25] >>> ALERT SENT via Gmail. Message ID: 19d0af6e23f42b29 <<<
[2026-03-20 11:59:05] Checking Status: Open (Posted: /Date(1773993871493)/)
[2026-03-20 11:59:05] DEBUG MODE: Triggering alert because status is OPEN.
[2026-03-20 11:59:06] >>> ALERT SENT via Gmail. Message ID: 19d0b1d0a4786e8f <<<
[2026-03-20 13:01:54] Checking Status: Open (Posted: /Date(1773993871493)/)
[2026-03-20 13:01:54] No new update since last alert. Skipping.
[2026-03-20 14:27:21] Checking Status: Open (Posted: /Date(1773993871493)/)
[2026-03-20 14:27:21] No new update since last alert. Skipping.
[2026-03-20 15:27:08] Checking Status: Open (Posted: /Date(1773993871493)/)
[2026-03-20 15:27:08] No new update since last alert. Skipping.
[2026-03-20 16:23:38] Checking Status: Open (Posted: /Date(1773993871493)/)
[2026-03-20 16:23:38] No new update since last alert. Skipping.
[2026-03-20 17:22:56] Checking Status: Open (Posted: /Date(1773993871493)/)
[2026-03-20 17:22:56] No new update since last alert. Skipping.
